<?xml version="1.0" encoding="UTF-8"?>
<!-- Generated by org.testng.reporters.JUnitReportReporter -->
<testsuite hostname="voler-Lenovo-E41-80" name="framework.PageObjectModel" tests="1" failures="0" timestamp="7 Jul 2017 11:35:27 GMT" time="33.052" errors="0">
  <testcase name="main" time="33.052" classname="framework.PageObjectModel"/>
</testsuite> <!-- framework.PageObjectModel -->
