<?xml version="1.0" encoding="UTF-8"?>
<!-- Generated by org.testng.reporters.JUnitReportReporter -->
<testsuite hostname="voler-Lenovo-E41-80" name="admin.rcdemo" tests="1" failures="0" timestamp="19 Jun 2017 11:46:12 GMT" time="16.550" errors="0">
  <testcase name="testEasy" time="16.550" classname="admin.rcdemo"/>
</testsuite> <!-- admin.rcdemo -->
