<?xml version="1.0" encoding="UTF-8"?>
<!-- Generated by org.testng.reporters.JUnitReportReporter -->
<testsuite hostname="voler-Lenovo-E41-80" name="framework.TestClassModel" tests="2" failures="0" timestamp="4 Sep 2017 14:40:04 GMT" time="26.455" errors="0">
  <testcase name="savedAddressTest" time="13.741" classname="framework.TestClassModel"/>
  <testcase name="myAccountTest" time="12.714" classname="framework.TestClassModel"/>
</testsuite> <!-- framework.TestClassModel -->
